Determining if the pthread_create exist failed with the following output:
Change Dir: /home/pi/projects/Fourth-Year-Project/FYP/CMakeFiles/CMakeTmp

Run Build Command:"/usr/bin/make" "cmTC_4619e/fast"
/usr/bin/make -f CMakeFiles/cmTC_4619e.dir/build.make CMakeFiles/cmTC_4619e.dir/build
make[1]: Entering directory '/home/pi/projects/Fourth-Year-Project/FYP/CMakeFiles/CMakeTmp'
Building C object CMakeFiles/cmTC_4619e.dir/CheckSymbolExists.c.o
/usr/bin/cc    -o CMakeFiles/cmTC_4619e.dir/CheckSymbolExists.c.o   -c /home/pi/projects/Fourth-Year-Project/FYP/CMakeFiles/CMakeTmp/CheckSymbolExists.c
Linking C executable cmTC_4619e
/usr/bin/cmake -E cmake_link_script CMakeFiles/cmTC_4619e.dir/link.txt --verbose=1
/usr/bin/cc      CMakeFiles/cmTC_4619e.dir/CheckSymbolExists.c.o  -o cmTC_4619e 
/usr/bin/ld: CMakeFiles/cmTC_4619e.dir/CheckSymbolExists.c.o: in function `main':
CheckSymbolExists.c:(.text+0x38): undefined reference to `pthread_create'
collect2: error: ld returned 1 exit status
make[1]: *** [CMakeFiles/cmTC_4619e.dir/build.make:87: cmTC_4619e] Error 1
make[1]: Leaving directory '/home/pi/projects/Fourth-Year-Project/FYP/CMakeFiles/CMakeTmp'
make: *** [Makefile:121: cmTC_4619e/fast] Error 2

File /home/pi/projects/Fourth-Year-Project/FYP/CMakeFiles/CMakeTmp/CheckSymbolExists.c:
/* */
#include <pthread.h>

int main(int argc, char** argv)
{
  (void)argv;
#ifndef pthread_create
  return ((int*)(&pthread_create))[argc];
#else
  (void)argc;
  return 0;
#endif
}

Determining if the function pthread_create exists in the pthreads failed with the following output:
Change Dir: /home/pi/projects/Fourth-Year-Project/FYP/CMakeFiles/CMakeTmp

Run Build Command:"/usr/bin/make" "cmTC_2a281/fast"
/usr/bin/make -f CMakeFiles/cmTC_2a281.dir/build.make CMakeFiles/cmTC_2a281.dir/build
make[1]: Entering directory '/home/pi/projects/Fourth-Year-Project/FYP/CMakeFiles/CMakeTmp'
Building C object CMakeFiles/cmTC_2a281.dir/CheckFunctionExists.c.o
/usr/bin/cc   -DCHECK_FUNCTION_EXISTS=pthread_create   -o CMakeFiles/cmTC_2a281.dir/CheckFunctionExists.c.o   -c /usr/share/cmake-3.13/Modules/CheckFunctionExists.c
Linking C executable cmTC_2a281
/usr/bin/cmake -E cmake_link_script CMakeFiles/cmTC_2a281.dir/link.txt --verbose=1
/usr/bin/cc  -DCHECK_FUNCTION_EXISTS=pthread_create    CMakeFiles/cmTC_2a281.dir/CheckFunctionExists.c.o  -o cmTC_2a281 -lpthreads 
/usr/bin/ld: cannot find -lpthreads
collect2: error: ld returned 1 exit status
make[1]: *** [CMakeFiles/cmTC_2a281.dir/build.make:87: cmTC_2a281] Error 1
make[1]: Leaving directory '/home/pi/projects/Fourth-Year-Project/FYP/CMakeFiles/CMakeTmp'
make: *** [Makefile:121: cmTC_2a281/fast] Error 2


